TN:
SF:src/logger.ts
FN:34,(anonymous_0)
FNF:1
FNH:1
FNDA:5,(anonymous_0)
DA:18,43
DA:19,43
DA:29,43
DA:35,5
DA:38,5
DA:48,5
DA:50,5
DA:58,5
DA:59,5
DA:64,5
DA:65,5
DA:66,5
DA:68,5
DA:69,5
DA:70,5
LF:15
LH:15
BRDA:18,0,0,41
BRDA:18,0,1,2
BRDA:19,1,0,40
BRDA:19,1,1,3
BRDA:51,2,0,5
BRDA:51,2,1,0
BRDA:65,3,0,5
BRDA:65,3,1,0
BRDA:68,4,0,5
BRDA:68,4,1,0
BRF:10
BRH:7
end_of_record
TN:
SF:src/polyfea-route.ts
FN:97,(anonymous_0)
FN:162,(anonymous_1)
FN:180,(anonymous_2)
FNF:3
FNH:3
FNDA:27,(anonymous_0)
FNDA:12,(anonymous_1)
FNDA:35,(anonymous_2)
DA:99,27
DA:101,27
DA:102,27
DA:103,5
DA:107,5
DA:108,4
DA:111,5
DA:116,27
DA:117,27
DA:118,25
DA:121,27
DA:122,2
DA:127,27
DA:128,2
DA:133,27
DA:135,19
DA:136,19
DA:138,1
DA:139,1
DA:141,2
DA:142,2
DA:144,2
DA:145,2
DA:147,1
DA:148,1
DA:150,2
DA:151,2
DA:154,27
DA:155,27
DA:162,27
DA:164,12
DA:165,1
DA:167,11
DA:168,3
DA:171,8
DA:181,5
LF:36
LH:36
BRDA:99,0,0,27
BRDA:99,0,1,22
BRDA:101,1,0,27
BRDA:101,1,1,22
BRDA:102,2,0,5
BRDA:102,2,1,22
BRDA:104,3,0,5
BRDA:104,3,1,4
BRDA:107,4,0,4
BRDA:107,4,1,1
BRDA:117,5,0,25
BRDA:117,5,1,2
BRDA:118,6,0,25
BRDA:118,6,1,24
BRDA:121,7,0,2
BRDA:121,7,1,25
BRDA:127,8,0,2
BRDA:127,8,1,25
BRDA:133,9,0,19
BRDA:133,9,1,1
BRDA:133,9,2,2
BRDA:133,9,3,2
BRDA:133,9,4,1
BRDA:133,9,5,2
BRDA:154,10,0,27
BRDA:154,10,1,26
BRDA:164,11,0,1
BRDA:164,11,1,11
BRDA:164,12,0,12
BRDA:164,12,1,2
BRDA:167,13,0,3
BRDA:167,13,1,8
BRDA:167,14,0,11
BRDA:167,14,1,6
BRF:34
BRH:34
end_of_record
TN:
SF:src/polyfea-sw.ts
FN:25,(anonymous_0)
FN:42,(anonymous_1)
FN:44,(anonymous_2)
FN:45,(anonymous_3)
FN:46,(anonymous_4)
FN:54,(anonymous_5)
FN:75,(anonymous_6)
FN:84,(anonymous_7)
FN:116,(anonymous_8)
FN:117,(anonymous_9)
FN:119,(anonymous_10)
FN:120,(anonymous_11)
FN:124,(anonymous_12)
FN:129,(anonymous_13)
FN:130,(anonymous_14)
FN:135,(anonymous_15)
FN:136,(anonymous_16)
FN:138,(anonymous_17)
FN:139,(anonymous_18)
FN:143,(anonymous_19)
FN:148,(anonymous_20)
FN:149,(anonymous_21)
FN:159,(anonymous_22)
FN:160,(anonymous_23)
FN:174,(anonymous_24)
FN:175,(anonymous_25)
FN:187,(anonymous_26)
FN:190,(anonymous_27)
FN:211,(anonymous_28)
FNF:29
FNH:29
FNDA:33,(anonymous_0)
FNDA:22,(anonymous_1)
FNDA:1,(anonymous_2)
FNDA:1,(anonymous_3)
FNDA:4,(anonymous_4)
FNDA:27,(anonymous_5)
FNDA:7,(anonymous_6)
FNDA:4,(anonymous_7)
FNDA:32,(anonymous_8)
FNDA:32,(anonymous_9)
FNDA:1,(anonymous_10)
FNDA:26,(anonymous_11)
FNDA:31,(anonymous_12)
FNDA:1,(anonymous_13)
FNDA:30,(anonymous_14)
FNDA:28,(anonymous_15)
FNDA:28,(anonymous_16)
FNDA:1,(anonymous_17)
FNDA:23,(anonymous_18)
FNDA:27,(anonymous_19)
FNDA:1,(anonymous_20)
FNDA:26,(anonymous_21)
FNDA:1,(anonymous_22)
FNDA:1,(anonymous_23)
FNDA:1,(anonymous_24)
FNDA:1,(anonymous_25)
FNDA:4,(anonymous_26)
FNDA:1,(anonymous_27)
FNDA:5,(anonymous_28)
DA:17,33
DA:19,33
DA:26,33
DA:27,33
DA:34,33
DA:35,33
DA:36,33
DA:44,22
DA:45,22
DA:46,22
DA:47,22
DA:56,27
DA:57,27
DA:58,27
DA:59,1
DA:62,27
DA:63,1
DA:64,1
DA:67,26
DA:71,27
DA:72,27
DA:73,25
DA:74,24
DA:75,24
DA:76,7
DA:77,7
DA:80,24
DA:82,24
DA:84,4
DA:86,24
DA:87,24
DA:88,3
DA:89,3
DA:90,2
DA:100,1
DA:103,1
DA:107,24
DA:109,25
DA:111,1
DA:117,32
DA:118,32
DA:119,32
DA:120,32
DA:121,26
DA:122,26
DA:124,32
DA:125,31
DA:126,31
DA:127,31
DA:128,31
DA:129,31
DA:130,31
DA:136,28
DA:137,28
DA:138,28
DA:139,28
DA:140,23
DA:141,23
DA:143,28
DA:144,27
DA:145,27
DA:146,27
DA:147,27
DA:148,27
DA:149,27
DA:160,1
DA:161,1
DA:162,1
DA:163,1
DA:165,1
DA:175,1
DA:176,1
DA:177,1
DA:179,1
DA:188,4
DA:189,4
DA:190,4
DA:192,4
DA:193,4
DA:194,1
DA:195,1
DA:196,1
DA:201,3
DA:202,3
DA:203,1
DA:204,1
DA:205,1
DA:208,2
DA:212,5
DA:213,7
DA:214,7
DA:215,6
DA:216,3
DA:219,1
DA:223,2
LF:95
LH:95
BRDA:26,0,0,33
BRDA:36,1,0,33
BRDA:36,1,1,33
BRDA:36,2,0,33
BRDA:36,2,1,33
BRDA:54,3,0,27
BRDA:58,4,0,1
BRDA:58,4,1,26
BRDA:62,5,0,1
BRDA:62,5,1,26
BRDA:62,6,0,27
BRDA:62,6,1,25
BRDA:62,6,2,1
BRDA:68,7,0,26
BRDA:68,7,1,25
BRDA:73,8,0,24
BRDA:73,8,1,1
BRDA:75,9,0,24
BRDA:75,9,1,0
BRDA:76,10,0,5
BRDA:76,10,1,2
BRDA:87,11,0,24
BRDA:87,11,1,21
BRDA:90,12,0,1
BRDA:90,12,1,1
BRDA:90,13,0,2
BRDA:90,13,1,2
BRDA:90,13,2,2
BRDA:107,14,0,24
BRDA:107,14,1,17
BRDA:107,15,0,24
BRDA:107,15,1,21
BRDA:193,16,0,1
BRDA:193,16,1,3
BRDA:202,17,0,1
BRDA:202,17,1,2
BRDA:215,18,0,3
BRDA:215,18,1,3
BRF:38
BRH:37
end_of_record
TN:
SF:src/register.ts
FN:10,registerServiceWorker
FNF:1
FNH:1
FNDA:23,registerServiceWorker
DA:11,23
DA:13,21
DA:14,21
DA:15,20
DA:17,21
DA:18,3
DA:21,21
DA:22,20
DA:25,21
DA:26,3
DA:29,21
DA:31,21
DA:33,21
DA:35,21
DA:39,12
LF:15
LH:15
BRDA:10,0,0,23
BRDA:10,1,0,23
BRDA:11,2,0,21
BRDA:11,2,1,2
BRDA:14,3,0,20
BRDA:14,3,1,1
BRDA:15,4,0,20
BRDA:15,4,1,18
BRDA:17,5,0,3
BRDA:17,5,1,18
BRDA:21,6,0,20
BRDA:21,6,1,1
BRDA:22,7,0,20
BRDA:22,7,1,18
BRDA:25,8,0,3
BRDA:25,8,1,18
BRDA:31,9,0,21
BRDA:31,9,1,19
BRDA:31,9,2,0
BRF:19
BRH:18
end_of_record
TN:
SF:src/sw.ts
FNF:0
FNH:0
DA:5,1
LF:1
LH:1
BRF:0
BRH:0
end_of_record
